0 info it worked if it ends with ok
1 verbose cli [ '/usr/local/bin/node', '/usr/local/bin/npm', 'run', 'start' ]
2 info using npm@3.10.3
3 info using node@v6.3.0
4 verbose run-script [ 'prestart', 'start', 'poststart' ]
5 info lifecycle homeserver@0.0.1~prestart: homeserver@0.0.1
6 silly lifecycle homeserver@0.0.1~prestart: no script for prestart, continuing
7 info lifecycle homeserver@0.0.1~start: homeserver@0.0.1
8 verbose lifecycle homeserver@0.0.1~start: unsafe-perm in lifecycle true
9 verbose lifecycle homeserver@0.0.1~start: PATH: /usr/local/lib/node_modules/npm/bin/node-gyp-bin:/home/govind/HomeServer/SOURCES/HSAppl/client/node_modules/.bin:/usr/local/bin:/usr/local/bin:/usr/local/sbin:/usr/bin:/usr/sbin:/bin:/sbin:/home/govind/.local/bin:/home/govind/bin:/usr/local/cuda-10.1/bin:/usr/local/cuda-10.1/NsightCompute-2019.1:/usr/local/bin:/usr/local/sbin:/usr/bin:/usr/sbin:/bin:/sbin:/home/govind/.local/bin:/home/govind/bin:/usr/local/cuda-10.1/bin:/usr/local/cuda-10.1/NsightCompute-2019.1:/usr/local/bin:/usr/local/sbin:/usr/bin:/usr/sbin:/bin:/sbin:/home/govind/.local/bin:/home/govind/bin:/usr/local/cuda-10.1/bin:/usr/local/cuda-10.1/NsightCompute-2019.1:/usr/local/bin:/usr/local/sbin:/usr/bin:/usr/sbin:/bin:/sbin
10 verbose lifecycle homeserver@0.0.1~start: CWD: /home/govind/HomeServer/SOURCES/HSAppl/client
11 silly lifecycle homeserver@0.0.1~start: Args: [ '-c', 'webpack-dev-server --host 0.0.0.0 --port 3010' ]
12 silly lifecycle homeserver@0.0.1~start: Returned: code: 1  signal: null
13 info lifecycle homeserver@0.0.1~start: Failed to exec start script
14 verbose stack Error: homeserver@0.0.1 start: `webpack-dev-server --host 0.0.0.0 --port 3010`
14 verbose stack Exit status 1
14 verbose stack     at EventEmitter.<anonymous> (/usr/local/lib/node_modules/npm/lib/utils/lifecycle.js:242:16)
14 verbose stack     at emitTwo (events.js:106:13)
14 verbose stack     at EventEmitter.emit (events.js:191:7)
14 verbose stack     at ChildProcess.<anonymous> (/usr/local/lib/node_modules/npm/lib/utils/spawn.js:40:14)
14 verbose stack     at emitTwo (events.js:106:13)
14 verbose stack     at ChildProcess.emit (events.js:191:7)
14 verbose stack     at maybeClose (internal/child_process.js:852:16)
14 verbose stack     at Process.ChildProcess._handle.onexit (internal/child_process.js:215:5)
15 verbose pkgid homeserver@0.0.1
16 verbose cwd /home/govind/HomeServer/SOURCES/HSAppl/client
17 error Linux 3.10.0-957.27.2.el7.x86_64
18 error argv "/usr/local/bin/node" "/usr/local/bin/npm" "run" "start"
19 error node v6.3.0
20 error npm  v3.10.3
21 error code ELIFECYCLE
22 error homeserver@0.0.1 start: `webpack-dev-server --host 0.0.0.0 --port 3010`
22 error Exit status 1
23 error Failed at the homeserver@0.0.1 start script 'webpack-dev-server --host 0.0.0.0 --port 3010'.
23 error Make sure you have the latest version of node.js and npm installed.
23 error If you do, this is most likely a problem with the homeserver package,
23 error not with npm itself.
23 error Tell the author that this fails on your system:
23 error     webpack-dev-server --host 0.0.0.0 --port 3010
23 error You can get information on how to open an issue for this project with:
23 error     npm bugs homeserver
23 error Or if that isn't available, you can get their info via:
23 error     npm owner ls homeserver
23 error There is likely additional logging output above.
24 verbose exit [ 1, true ]
